<?xml version="1.0" encoding="UTF-8"?>
<!-- Generated by org.testng.reporters.JUnitReportReporter -->
<testsuite hostname="DESKTOP-S6NUNKH" failures="0" tests="1" name="com.inetbanking.testCases.TC_AddCustomerTest_003" time="15.024" errors="0" timestamp="26 Jun 2021 17:26:51 GMT" skipped="0">
  <testcase classname="com.inetbanking.testCases.TC_AddCustomerTest_003" name="addNewCustomer" time="15.024"/>
</testsuite> <!-- com.inetbanking.testCases.TC_AddCustomerTest_003 -->
