<?xml version="1.0" encoding="UTF-8"?>
<!-- Generated by org.testng.reporters.JUnitReportReporter -->
<testsuite skipped="0" hostname="DESKTOP-S6NUNKH" name="com.inetbanking.testCases.TC_AddCustomerTest_003" tests="1" failures="0" timestamp="21 Jun 2021 17:39:16 GMT" time="14.746" errors="0">
  <testcase name="addNewCustomer" time="14.746" classname="com.inetbanking.testCases.TC_AddCustomerTest_003"/>
</testsuite> <!-- com.inetbanking.testCases.TC_AddCustomerTest_003 -->
